# JRE version: 7.0_11-b21
# Java VM: Java HotSpot(TM) 64-Bit Server VM (23.6-b04 mixed mode bsd-amd64 compressed oops)
Heap
 PSYoungGen      total 20096K, used 1237K [0x000000013e890000, 0x0000000140360000, 0x0000000156130000)
  eden space 13632K, 6% used [0x000000013e890000,0x000000013e975740,0x000000013f5e0000)
  from space 6464K, 4% used [0x000000013fd10000,0x000000013fd60000,0x0000000140360000)
  to   space 6912K, 0% used [0x000000013f5e0000,0x000000013f5e0000,0x000000013fca0000)
 ParOldGen       total 48256K, used 12042K [0x000000010f730000, 0x0000000112650000, 0x000000013e890000)
  object space 48256K, 24% used [0x000000010f730000,0x00000001102f2b20,0x0000000112650000)
 PSPermGen       total 21248K, used 13588K [0x000000010a530000, 0x000000010b9f0000, 0x000000010f730000)
  object space 21248K, 63% used [0x000000010a530000,0x000000010b2751f8,0x000000010b9f0000)
GC Heap History (10 events):
Event: 2149.849 GC heap before
{Heap before GC invocations=12 (full 0):
 PSYoungGen      total 16640K, used 16592K [0x000000013e890000, 0x00000001405e0000, 0x0000000156130000)
  eden space 15040K, 100% used [0x000000013e890000,0x000000013f740000,0x000000013f740000)
  from space 1600K, 97% used [0x000000013f790000,0x000000013f914020,0x000000013f920000)
  to   space 7488K, 0% used [0x000000013fe90000,0x000000013fe90000,0x00000001405e0000)
 ParOldGen       total 48256K, used 11754K [0x000000010f730000, 0x0000000112650000, 0x000000013e890000)
  object space 48256K, 24% used [0x000000010f730000,0x00000001102aab20,0x0000000112650000)
 PSPermGen       total 21248K, used 13551K [0x000000010a530000, 0x000000010b9f0000, 0x000000010f730000)
  object space 21248K, 63% used [0x000000010a530000,0x000000010b26be10,0x000000010b9f0000)
Event: 2149.850 GC heap after
Heap after GC invocations=12 (full 0):
 PSYoungGen      total 22016K, used 256K [0x000000013e890000, 0x00000001405b0000, 0x0000000156130000)
  eden space 14720K, 0% used [0x000000013e890000,0x000000013e890000,0x000000013f6f0000)
  from space 7296K, 3% used [0x000000013fe90000,0x000000013fed0000,0x00000001405b0000)
  to   space 7552K, 0% used [0x000000013f6f0000,0x000000013f6f0000,0x000000013fe50000)
 ParOldGen       total 48256K, used 11810K [0x000000010f730000, 0x0000000112650000, 0x000000013e890000)
  object space 48256K, 24% used [0x000000010f730000,0x00000001102b8b20,0x0000000112650000)
 PSPermGen       total 21248K, used 13551K [0x000000010a530000, 0x000000010b9f0000, 0x000000010f730000)
  object space 21248K, 63% used [0x000000010a530000,0x000000010b26be10,0x000000010b9f0000)
}
Event: 2163.105 GC heap before
{Heap before GC invocations=13 (full 0):
 PSYoungGen      total 22016K, used 14976K [0x000000013e890000, 0x00000001405b0000, 0x0000000156130000)
  eden space 14720K, 100% used [0x000000013e890000,0x000000013f6f0000,0x000000013f6f0000)
  from space 7296K, 3% used [0x000000013fe90000,0x000000013fed0000,0x00000001405b0000)
  to   space 7552K, 0% used [0x000000013f6f0000,0x000000013f6f0000,0x000000013fe50000)
 ParOldGen       total 48256K, used 11810K [0x000000010f730000, 0x0000000112650000, 0x000000013e890000)
  object space 48256K, 24% used [0x000000010f730000,0x00000001102b8b20,0x0000000112650000)
 PSPermGen       total 21248K, used 13559K [0x000000010a530000, 0x000000010b9f0000, 0x000000010f730000)
  object space 21248K, 63% used [0x000000010a530000,0x000000010b26dfc8,0x000000010b9f0000)
Event: 2163.106 GC heap after
Heap after GC invocations=13 (full 0):
 PSYoungGen      total 14848K, used 400K [0x000000013e890000, 0x0000000140540000, 0x0000000156130000)
  eden space 14400K, 0% used [0x000000013e890000,0x000000013e890000,0x000000013f6a0000)
  from space 448K, 89% used [0x000000013f6f0000,0x000000013f754010,0x000000013f760000)
  to   space 7488K, 0% used [0x000000013fdf0000,0x000000013fdf0000,0x0000000140540000)
 ParOldGen       total 48256K, used 11898K [0x000000010f730000, 0x0000000112650000, 0x000000013e890000)
  object space 48256K, 24% used [0x000000010f730000,0x00000001102ceb20,0x0000000112650000)
 PSPermGen       total 21248K, used 13559K [0x000000010a530000, 0x000000010b9f0000, 0x000000010f730000)
  object space 21248K, 63% used [0x000000010a530000,0x000000010b26dfc8,0x000000010b9f0000)
}
Event: 9746.654 GC heap before
{Heap before GC invocations=14 (full 0):
 PSYoungGen      total 14848K, used 14800K [0x000000013e890000, 0x0000000140540000, 0x0000000156130000)
  eden space 14400K, 100% used [0x000000013e890000,0x000000013f6a0000,0x000000013f6a0000)
  from space 448K, 89% used [0x000000013f6f0000,0x000000013f754010,0x000000013f760000)
  to   space 7488K, 0% used [0x000000013fdf0000,0x000000013fdf0000,0x0000000140540000)
 ParOldGen       total 48256K, used 11898K [0x000000010f730000, 0x0000000112650000, 0x000000013e890000)
  object space 48256K, 24% used [0x000000010f730000,0x00000001102ceb20,0x0000000112650000)
 PSPermGen       total 21248K, used 13562K [0x000000010a530000, 0x000000010b9f0000, 0x000000010f730000)
  object space 21248K, 63% used [0x000000010a530000,0x000000010b26eb78,0x000000010b9f0000)
Event: 9746.655 GC heap after
Heap after GC invocations=14 (full 0):
 PSYoungGen      total 20992K, used 560K [0x000000013e890000, 0x00000001404a0000, 0x0000000156130000)
  eden space 14144K, 0% used [0x000000013e890000,0x000000013e890000,0x000000013f660000)
  from space 6848K, 8% used [0x000000013fdf0000,0x000000013fe7c010,0x00000001404a0000)
  to   space 7296K, 0% used [0x000000013f660000,0x000000013f660000,0x000000013fd80000)
 ParOldGen       total 48256K, used 11906K [0x000000010f730000, 0x0000000112650000, 0x000000013e890000)
  object space 48256K, 24% used [0x000000010f730000,0x00000001102d0b20,0x0000000112650000)
 PSPermGen       total 21248K, used 13562K [0x000000010a530000, 0x000000010b9f0000, 0x000000010f730000)
  object space 21248K, 63% used [0x000000010a530000,0x000000010b26eb78,0x000000010b9f0000)
}
Event: 9768.510 GC heap before
{Heap before GC invocations=15 (full 0):
 PSYoungGen      total 20992K, used 14704K [0x000000013e890000, 0x00000001404a0000, 0x0000000156130000)
  eden space 14144K, 100% used [0x000000013e890000,0x000000013f660000,0x000000013f660000)
  from space 6848K, 8% used [0x000000013fdf0000,0x000000013fe7c010,0x00000001404a0000)
  to   space 7296K, 0% used [0x000000013f660000,0x000000013f660000,0x000000013fd80000)
 ParOldGen       total 48256K, used 11906K [0x000000010f730000, 0x0000000112650000, 0x000000013e890000)
  object space 48256K, 24% used [0x000000010f730000,0x00000001102d0b20,0x0000000112650000)
 PSPermGen       total 21248K, used 13563K [0x000000010a530000, 0x000000010b9f0000, 0x000000010f730000)
  object space 21248K, 63% used [0x000000010a530000,0x000000010b26eed8,0x000000010b9f0000)
Event: 9768.511 GC heap after
Heap after GC invocations=15 (full 0):
 PSYoungGen      total 14528K, used 592K [0x000000013e890000, 0x0000000140400000, 0x0000000156130000)
  eden space 13888K, 0% used [0x000000013e890000,0x000000013e890000,0x000000013f620000)
  from space 640K, 92% used [0x000000013f660000,0x000000013f6f4010,0x000000013f700000)
  to   space 7104K, 0% used [0x000000013fd10000,0x000000013fd10000,0x0000000140400000)
 ParOldGen       total 48256K, used 11986K [0x000000010f730000, 0x0000000112650000, 0x000000013e890000)
  object space 48256K, 24% used [0x000000010f730000,0x00000001102e4b20,0x0000000112650000)
 PSPermGen       total 21248K, used 13563K [0x000000010a530000, 0x000000010b9f0000, 0x000000010f730000)
  object space 21248K, 63% used [0x000000010a530000,0x000000010b26eed8,0x000000010b9f0000)
}
Event: 9830.828 GC heap before
{Heap before GC invocations=16 (full 0):
 PSYoungGen      total 14528K, used 14480K [0x000000013e890000, 0x0000000140400000, 0x0000000156130000)
  eden space 13888K, 100% used [0x000000013e890000,0x000000013f620000,0x000000013f620000)
  from space 640K, 92% used [0x000000013f660000,0x000000013f6f4010,0x000000013f700000)
  to   space 7104K, 0% used [0x000000013fd10000,0x000000013fd10000,0x0000000140400000)
 ParOldGen       total 48256K, used 11986K [0x000000010f730000, 0x0000000112650000, 0x000000013e890000)
  object space 48256K, 24% used [0x000000010f730000,0x00000001102e4b20,0x0000000112650000)
 PSPermGen       total 21248K, used 13571K [0x000000010a530000, 0x000000010b9f0000, 0x000000010f730000)
  object space 21248K, 63% used [0x000000010a530000,0x000000010b270f18,0x000000010b9f0000)
Event: 9830.829 GC heap after
Heap after GC invocations=16 (full 0):
 PSYoungGen      total 20096K, used 320K [0x000000013e890000, 0x0000000140360000, 0x0000000156130000)
  eden space 13632K, 0% used [0x000000013e890000,0x000000013e890000,0x000000013f5e0000)
  from space 6464K, 4% used [0x000000013fd10000,0x000000013fd60000,0x0000000140360000)
  to   space 6912K, 0% used [0x000000013f5e0000,0x000000013f5e0000,0x000000013fca0000)
 ParOldGen       total 48256K, used 12042K [0x000000010f730000, 0x0000000112650000, 0x000000013e890000)
  object space 48256K, 24% used [0x000000010f730000,0x00000001102f2b20,0x0000000112650000)
 PSPermGen       total 21248K, used 13571K [0x000000010a530000, 0x000000010b9f0000, 0x000000010f730000)
  object space 21248K, 63% used [0x000000010a530000,0x000000010b270f18,0x000000010b9f0000)
}

